2011-11-07 17:10:58 MON dreeves add ulimit to beebrain call :chrock [[26:32s]]  :done
2011-11-08 14:14:58 TUE dreeves get inbox to 220 by answering support emails  [[01h16:43s]] :chrock :done
2011-11-08 22:53:00 TUE dreeves file iterator for dyang :chrock [[51:31s]]  :done
2011-11-09 11:40:39 WED dreeves :chrock deal with all unread emails [[01h44:02s]]  :done
2011-11-09 15:38:39 WED dreeves email to yan, passable answers for qs, ping rajiv :chrock [[55:13s]]  :fail
2011-11-10 12:01:17 THU dreeves safety buf N/A for WEEN graphs :chrock [[44:31s]]  :done
2011-11-10 14:35:34 THU dreeves twit reply, refactor aok to lane :chrock [[54:25s]]  :fail
2011-11-11 00:36:27 FRI dreeves placeholder for all acm solns, autocompiling, text of preston's :chrock [[43:07s]]  :done
2011-11-11 01:43:56 FRI dreeves tex my formula; verdict on each solution :chrock [[01h36:27s]]  :done
2011-11-11 11:25:37 FRI dreeves vet solution, email everyone :chrock [[01h09:22s]]  :done
2011-11-13 12:19:04 SUN dreeves support emails till inbox 165 :chrock [[14d09h37:11s]]  
2012-03-01 13:21:13 THU dreeves bmndr mm goal, postscript about it :chrock [[46:44s]] :smack :fail 
2012-08-06 12:26:13 MON dreeves philip resets, answer all support emails in august :chrock [[49:29s]]  :done
2013-04-01 10:08:15 MON dreeves road width problem :tock [[01h17:41s]] :fail 
2013-04-01 11:27:11 MON dreeves amend exponential post; comment on j2j; email akranon :tock [[54:35s]] :smac :fail 
2013-04-01 12:22:59 MON dreeves pie chart to blog, j2j comment, akranon, thick 7 days :tock [[02h03:31s]]  :done
2013-04-01 15:15:48 MON dreeves fix width problem for retroratchet :tock [[03h49:52s]] :fail 
2013-04-01 22:55:13 MON dreeves  [[1s]]  
2013-04-02 14:08:48 TUE dreeves  [[0s]]  
2013-04-02 15:20:37 TUE dreeves  [[1s]]  
2013-04-02 15:21:10 TUE dreeves set-a-limit reporting pessimistically :tock [[2013-04-04 10:15:20 THU dreeves prose for custom goals and sliders :chrock [[01h20:26s]] :fail 
2013-04-04 11:37:59 THU dreeves fix expost :chrock [[03h45:44s]]  :done
